0 info it worked if it ends with ok
1 verbose cli [ '/usr/bin/node',
1 verbose cli   '/usr/bin/npm',
1 verbose cli   'version',
1 verbose cli   'patch',
1 verbose cli   '-m',
1 verbose cli   'Fixed undefined IMAGE_SOURCE and IMAGE_DEST' ]
2 info using npm@3.10.10
3 info using node@v6.11.4
4 info git [ 'status', '--porcelain' ]
5 verbose stack Error: Git working directory not clean.
5 verbose stack A  npm-debug.log
5 verbose stack M  source/generator.js
5 verbose stack     at /usr/lib/node_modules/npm/lib/version.js:247:19
5 verbose stack     at /usr/lib/node_modules/npm/lib/utils/no-progress-while-running.js:21:8
5 verbose stack     at ChildProcess.exithandler (child_process.js:189:7)
5 verbose stack     at emitTwo (events.js:106:13)
5 verbose stack     at ChildProcess.emit (events.js:191:7)
5 verbose stack     at maybeClose (internal/child_process.js:920:16)
5 verbose stack     at Socket.<anonymous> (internal/child_process.js:351:11)
5 verbose stack     at emitOne (events.js:96:13)
5 verbose stack     at Socket.emit (events.js:188:7)
5 verbose stack     at Pipe._handle.close [as _onclose] (net.js:497:12)
6 verbose cwd /home/zerox/Desktop/projects/gulpfile-generator
7 error Linux 4.10.0-37-generic
8 error argv "/usr/bin/node" "/usr/bin/npm" "version" "patch" "-m" "Fixed undefined IMAGE_SOURCE and IMAGE_DEST"
9 error node v6.11.4
10 error npm  v3.10.10
11 error Git working directory not clean.
11 error A  npm-debug.log
11 error M  source/generator.js
12 error If you need help, you may report this error at:
12 error     <https://github.com/npm/npm/issues>
13 verbose exit [ 1, true ]
